[2025-08-29 08:40:31] === INICIO PROCESO NOTIFICACIONES ===
[2025-08-29 08:40:31] Configuración cargada - Días aviso: 5, Email: admin@tudominio.com
[2025-08-29 08:40:31] Encontrados 0 servicios para notificar
[2025-08-29 08:40:31] No hay servicios próximos a vencer
[2025-08-29 08:40:31] === PROCESO COMPLETADO SIN ACCIONES ===
[2025-08-29 08:54:02] === INICIO PROCESO NOTIFICACIONES ===
[2025-08-29 08:54:02] Configuración cargada - Días aviso: 5, Email: admin@tudominio.com
[2025-08-29 08:54:02] Encontrados 0 servicios para notificar
[2025-08-29 08:54:02] No hay servicios próximos a vencer
[2025-08-29 08:54:02] === PROCESO COMPLETADO SIN ACCIONES ===
[2025-08-29 08:54:16] === INICIO PROCESO NOTIFICACIONES ===
[2025-08-29 08:54:16] Configuración cargada - Días aviso: 5, Email: admin@tudominio.com
[2025-08-29 08:54:16] Encontrados 0 servicios para notificar
[2025-08-29 08:54:16] No hay servicios próximos a vencer
[2025-08-29 08:54:16] === PROCESO COMPLETADO SIN ACCIONES ===
[2025-09-01 05:59:03] === INICIO PROCESO NOTIFICACIONES ===
[2025-09-01 05:59:03] Configuración cargada - Días aviso: 2, Email: admin@tudominio.com
[2025-09-01 05:59:03] Encontrados 0 servicios para notificar
[2025-09-01 05:59:03] No hay servicios próximos a vencer
[2025-09-01 05:59:03] === PROCESO COMPLETADO SIN ACCIONES ===
[2025-09-02 06:38:59] === INICIO PROCESO NOTIFICACIONES ===
[2025-09-02 06:38:59] Configuración cargada - Días aviso: 2, Email: admin@tudominio.com
[2025-09-02 06:38:59] Encontrados 0 servicios para notificar
[2025-09-02 06:38:59] No hay servicios próximos a vencer
[2025-09-02 06:38:59] === PROCESO COMPLETADO SIN ACCIONES ===
